2013-07-24T02:51:33.259Z - info: Running Selection sort on Array : 
2013-07-24T02:51:33.261Z - info: Sorted Array : 
2013-07-24T02:51:33.266Z - info: Running Selection sort on Array : 2
2013-07-24T02:51:33.267Z - info: Sorted Array : 2
2013-07-24T02:51:33.268Z - info: Running Selection sort on Array : 4,2,1,8,20,10
2013-07-24T02:51:33.268Z - info: Sorted Array : 1,2,4,8,10,20
2013-07-24T02:55:48.368Z - info: Running Selection sort on Array : 
2013-07-24T02:55:48.369Z - info: Sorted Array : 
2013-07-24T02:55:48.370Z - info: Running Selection sort on Array : 2
2013-07-24T02:55:48.370Z - info: Sorted Array : 2
2013-07-24T02:55:48.371Z - info: Running Selection sort on Array : 4,2,1,8,20,10
2013-07-24T02:55:48.371Z - info: Sorted Array : 1,2,4,8,10,20
2013-07-24T02:56:01.170Z - info: Running Bubble sort on Array : 
2013-07-24T02:56:01.170Z - info: Sorted Array : 
2013-07-24T02:56:01.172Z - info: Running Bubble sort on Array : 2
2013-07-24T02:56:01.172Z - info: Sorted Array : 2
2013-07-24T02:56:01.172Z - info: Running Bubble sort on Array : 4,2,1,8,20,10
2013-07-24T02:56:01.172Z - info: Sorted Array : 1,2,4,8,10,20
2013-07-24T02:56:10.757Z - info: Running Insertion sort on Array : 
2013-07-24T02:56:10.757Z - info: Sorted Array : 
2013-07-24T02:56:10.759Z - info: Running Insertion sort on Array : 2
2013-07-24T02:56:10.759Z - info: Sorted Array : 2
2013-07-24T02:56:10.759Z - info: Running Insertion sort on Array : 4,2,1,8,20,10
2013-07-24T02:56:10.759Z - info: Sorted Array : 1,2,4,8,10,20
